{"C:\\zPersonal\\Programming\\Projects\\Levi9\\src\\app\\app.component.ts": {"path":"C:\\zPersonal\\Programming\\Projects\\Levi9\\src\\app\\app.component.ts","statementMap":{"0":{"start":{"line":1,"column":0},"end":{"line":1,"column":42}},"1":{"start":{"line":2,"column":0},"end":{"line":2,"column":78}},"2":{"start":{"line":11,"column":7},"end":{"line":13,"column":null}},"3":{"start":{"line":11,"column":13},"end":{"line":11,"column":25}},"4":{"start":{"line":11,"column":13},"end":{"line":13,"column":null}}},"fnMap":{},"branchMap":{},"s":{"0":1,"1":1,"2":1,"3":1,"4":1},"f":{},"b":{}}
,"C:\\zPersonal\\Programming\\Projects\\Levi9\\src\\app\\core.service.ts": {"path":"C:\\zPersonal\\Programming\\Projects\\Levi9\\src\\app\\core.service.ts","statementMap":{"0":{"start":{"line":1,"column":0},"end":{"line":1,"column":63}},"1":{"start":{"line":2,"column":0},"end":{"line":2,"column":43}},"2":{"start":{"line":5,"column":0},"end":{"line":5,"column":58}},"3":{"start":{"line":12,"column":22},"end":{"line":12,"column":44}},"4":{"start":{"line":16,"column":20},"end":{"line":18,"column":6}},"5":{"start":{"line":20,"column":4},"end":{"line":20,"column":105}},"6":{"start":{"line":10,"column":13},"end":{"line":10,"column":24}},"7":{"start":{"line":10,"column":13},"end":{"line":24,"column":null}}},"fnMap":{"0":{"name":"(anonymous_0)","decl":{"start":{"line":12,"column":2},"end":{"line":12,"column":22}},"loc":{"start":{"line":12,"column":44},"end":{"line":12,"column":49}}},"1":{"name":"(anonymous_1)","decl":{"start":{"line":15,"column":2},"end":{"line":15,"column":14}},"loc":{"start":{"line":15,"column":33},"end":{"line":21,"column":3}}}},"branchMap":{},"s":{"0":3,"1":3,"2":3,"3":3,"4":1,"5":1,"6":3,"7":3},"f":{"0":3,"1":1},"b":{}}
,"C:\\zPersonal\\Programming\\Projects\\Levi9\\src\\app\\interfaces.ts": {"path":"C:\\zPersonal\\Programming\\Projects\\Levi9\\src\\app\\interfaces.ts","statementMap":{"0":{"start":{"line":13,"column":0},"end":{"line":13,"column":null}},"1":{"start":{"line":14,"column":2},"end":{"line":14,"column":null}},"2":{"start":{"line":15,"column":2},"end":{"line":15,"column":null}}},"fnMap":{"0":{"name":"(anonymous_0)","decl":{"start":{"line":13,"column":0},"end":{"line":13,"column":12}},"loc":{"start":{"line":13,"column":25},"end":{"line":16,"column":1}}}},"branchMap":{"0":{"loc":{"start":{"line":13,"column":12},"end":{"line":13,"column":null}},"type":"binary-expr","locations":[{"start":{"line":13,"column":12},"end":{"line":13,"column":25}},{"start":{"line":13,"column":25},"end":{"line":13,"column":null}}]}},"s":{"0":2,"1":2,"2":2},"f":{"0":2},"b":{"0":[2,2]}}
,"C:\\zPersonal\\Programming\\Projects\\Levi9\\src\\app\\registration\\registration.component.ts": {"path":"C:\\zPersonal\\Programming\\Projects\\Levi9\\src\\app\\registration\\registration.component.ts","statementMap":{"0":{"start":{"line":1,"column":0},"end":{"line":1,"column":47}},"1":{"start":{"line":2,"column":0},"end":{"line":2,"column":81}},"2":{"start":{"line":3,"column":0},"end":{"line":3,"column":89}},"3":{"start":{"line":4,"column":0},"end":{"line":4,"column":46}},"4":{"start":{"line":5,"column":0},"end":{"line":5,"column":36}},"5":{"start":{"line":6,"column":0},"end":{"line":6,"column":46}},"6":{"start":{"line":18,"column":23},"end":{"line":18,"column":28}},"7":{"start":{"line":19,"column":16},"end":{"line":19,"column":35}},"8":{"start":{"line":20,"column":18},"end":{"line":20,"column":36}},"9":{"start":{"line":21,"column":26},"end":{"line":21,"column":28}},"10":{"start":{"line":23,"column":22},"end":{"line":23,"column":46}},"11":{"start":{"line":28,"column":4},"end":{"line":34,"column":null}},"12":{"start":{"line":38,"column":20},"end":{"line":38,"column":56}},"13":{"start":{"line":40,"column":4},"end":{"line":42,"column":5}},"14":{"start":{"line":41,"column":6},"end":{"line":41,"column":19}},"15":{"start":{"line":44,"column":4},"end":{"line":44,"column":67}},"16":{"start":{"line":48,"column":21},"end":{"line":48,"column":65}},"17":{"start":{"line":49,"column":28},"end":{"line":49,"column":79}},"18":{"start":{"line":50,"column":4},"end":{"line":50,"column":40}},"19":{"start":{"line":54,"column":35},"end":{"line":54,"column":79}},"20":{"start":{"line":55,"column":4},"end":{"line":57,"column":5}},"21":{"start":{"line":56,"column":6},"end":{"line":56,"column":18}},"22":{"start":{"line":58,"column":4},"end":{"line":58,"column":77}},"23":{"start":{"line":62,"column":4},"end":{"line":62,"column":27}},"24":{"start":{"line":63,"column":4},"end":{"line":66,"column":5}},"25":{"start":{"line":64,"column":6},"end":{"line":64,"column":28}},"26":{"start":{"line":65,"column":6},"end":{"line":65,"column":13}},"27":{"start":{"line":68,"column":53},"end":{"line":68,"column":80}},"28":{"start":{"line":69,"column":4},"end":{"line":69,"column":27}},"29":{"start":{"line":70,"column":24},"end":{"line":79,"column":6}},"30":{"start":{"line":72,"column":8},"end":{"line":72,"column":50}},"31":{"start":{"line":73,"column":8},"end":{"line":73,"column":38}},"32":{"start":{"line":76,"column":8},"end":{"line":76,"column":49}},"33":{"start":{"line":77,"column":8},"end":{"line":77,"column":38}},"34":{"start":{"line":80,"column":4},"end":{"line":80,"column":null}},"35":{"start":{"line":84,"column":4},"end":{"line":84,"column":37}},"36":{"start":{"line":16,"column":13},"end":{"line":16,"column":34}},"37":{"start":{"line":16,"column":13},"end":{"line":86,"column":null}}},"fnMap":{"0":{"name":"(anonymous_0)","decl":{"start":{"line":23,"column":2},"end":{"line":23,"column":22}},"loc":{"start":{"line":23,"column":46},"end":{"line":25,"column":3}}},"1":{"name":"(anonymous_1)","decl":{"start":{"line":27,"column":2},"end":{"line":27,"column":10}},"loc":{"start":{"line":27,"column":10},"end":{"line":35,"column":3}}},"2":{"name":"(anonymous_2)","decl":{"start":{"line":37,"column":2},"end":{"line":37,"column":17}},"loc":{"start":{"line":37,"column":35},"end":{"line":45,"column":3}}},"3":{"name":"(anonymous_3)","decl":{"start":{"line":47,"column":2},"end":{"line":47,"column":17}},"loc":{"start":{"line":47,"column":17},"end":{"line":51,"column":3}}},"4":{"name":"(anonymous_4)","decl":{"start":{"line":53,"column":2},"end":{"line":53,"column":22}},"loc":{"start":{"line":53,"column":22},"end":{"line":59,"column":3}}},"5":{"name":"(anonymous_5)","decl":{"start":{"line":61,"column":2},"end":{"line":61,"column":12}},"loc":{"start":{"line":61,"column":25},"end":{"line":81,"column":3}}},"6":{"name":"(anonymous_6)","decl":{"start":{"line":71,"column":12},"end":{"line":71,"column":15}},"loc":{"start":{"line":71,"column":17},"end":{"line":74,"column":7}}},"7":{"name":"(anonymous_7)","decl":{"start":{"line":75,"column":13},"end":{"line":75,"column":16}},"loc":{"start":{"line":75,"column":18},"end":{"line":78,"column":7}}},"8":{"name":"(anonymous_8)","decl":{"start":{"line":83,"column":2},"end":{"line":83,"column":13}},"loc":{"start":{"line":83,"column":13},"end":{"line":85,"column":3}}}},"branchMap":{"0":{"loc":{"start":{"line":40,"column":4},"end":{"line":42,"column":5}},"type":"if","locations":[{"start":{"line":40,"column":4},"end":{"line":42,"column":5}}]},"1":{"loc":{"start":{"line":44,"column":11},"end":{"line":44,"column":66}},"type":"cond-expr","locations":[{"start":{"line":44,"column":46},"end":{"line":44,"column":59}},{"start":{"line":44,"column":62},"end":{"line":44,"column":66}}]},"2":{"loc":{"start":{"line":44,"column":11},"end":{"line":44,"column":43}},"type":"binary-expr","locations":[{"start":{"line":44,"column":11},"end":{"line":44,"column":26}},{"start":{"line":44,"column":30},"end":{"line":44,"column":43}}]},"3":{"loc":{"start":{"line":55,"column":4},"end":{"line":57,"column":5}},"type":"if","locations":[{"start":{"line":55,"column":4},"end":{"line":57,"column":5}}]},"4":{"loc":{"start":{"line":55,"column":8},"end":{"line":55,"column":74}},"type":"binary-expr","locations":[{"start":{"line":55,"column":8},"end":{"line":55,"column":40}},{"start":{"line":55,"column":44},"end":{"line":55,"column":74}}]},"5":{"loc":{"start":{"line":58,"column":11},"end":{"line":58,"column":76}},"type":"binary-expr","locations":[{"start":{"line":58,"column":11},"end":{"line":58,"column":50}},{"start":{"line":58,"column":54},"end":{"line":58,"column":76}}]},"6":{"loc":{"start":{"line":63,"column":4},"end":{"line":66,"column":5}},"type":"if","locations":[{"start":{"line":63,"column":4},"end":{"line":66,"column":5}}]},"7":{"loc":{"start":{"line":63,"column":8},"end":{"line":63,"column":68}},"type":"binary-expr","locations":[{"start":{"line":63,"column":8},"end":{"line":63,"column":36}},{"start":{"line":63,"column":40},"end":{"line":63,"column":68}}]}},"s":{"0":2,"1":2,"2":2,"3":2,"4":2,"5":2,"6":16,"7":16,"8":16,"9":16,"10":16,"11":15,"12":124,"13":124,"14":1,"15":123,"16":4,"17":4,"18":4,"19":35,"20":35,"21":33,"22":2,"23":3,"24":3,"25":1,"26":1,"27":2,"28":2,"29":2,"30":1,"31":1,"32":1,"33":1,"34":2,"35":17,"36":2,"37":2},"f":{"0":16,"1":15,"2":124,"3":4,"4":35,"5":3,"6":1,"7":1,"8":17},"b":{"0":[1],"1":[3,120],"2":[123,120],"3":[33],"4":[35,33],"5":[2,2],"6":[1],"7":[3,2]}}
,"C:\\zPersonal\\Programming\\Projects\\Levi9\\src\\environments\\environment.ts": {"path":"C:\\zPersonal\\Programming\\Projects\\Levi9\\src\\environments\\environment.ts","statementMap":{"0":{"start":{"line":1,"column":13},"end":{"line":4,"column":2}}},"fnMap":{},"branchMap":{},"s":{"0":3},"f":{},"b":{}}
}
