{"C:\\zPersonal\\Programming\\Projects\\Levi9\\src\\app\\app.component.ts": {"path":"C:\\zPersonal\\Programming\\Projects\\Levi9\\src\\app\\app.component.ts","statementMap":{"0":{"start":{"line":1,"column":0},"end":{"line":1,"column":42}},"1":{"start":{"line":2,"column":0},"end":{"line":2,"column":78}},"2":{"start":{"line":11,"column":7},"end":{"line":13,"column":null}},"3":{"start":{"line":11,"column":13},"end":{"line":11,"column":25}},"4":{"start":{"line":11,"column":13},"end":{"line":13,"column":null}}},"fnMap":{},"branchMap":{},"s":{"0":1,"1":1,"2":1,"3":1,"4":1},"f":{},"b":{}}
,"C:\\zPersonal\\Programming\\Projects\\Levi9\\src\\app\\core.service.ts": {"path":"C:\\zPersonal\\Programming\\Projects\\Levi9\\src\\app\\core.service.ts","statementMap":{"0":{"start":{"line":1,"column":0},"end":{"line":1,"column":63}},"1":{"start":{"line":2,"column":0},"end":{"line":2,"column":43}},"2":{"start":{"line":11,"column":22},"end":{"line":11,"column":44}},"3":{"start":{"line":15,"column":20},"end":{"line":17,"column":6}},"4":{"start":{"line":19,"column":4},"end":{"line":19,"column":101}},"5":{"start":{"line":9,"column":13},"end":{"line":9,"column":24}},"6":{"start":{"line":9,"column":13},"end":{"line":23,"column":null}}},"fnMap":{"0":{"name":"(anonymous_0)","decl":{"start":{"line":11,"column":2},"end":{"line":11,"column":22}},"loc":{"start":{"line":11,"column":44},"end":{"line":11,"column":49}}},"1":{"name":"(anonymous_1)","decl":{"start":{"line":14,"column":2},"end":{"line":14,"column":14}},"loc":{"start":{"line":14,"column":33},"end":{"line":20,"column":3}}}},"branchMap":{},"s":{"0":3,"1":3,"2":3,"3":1,"4":1,"5":3,"6":3},"f":{"0":3,"1":1},"b":{}}
,"C:\\zPersonal\\Programming\\Projects\\Levi9\\src\\app\\interfaces.ts": {"path":"C:\\zPersonal\\Programming\\Projects\\Levi9\\src\\app\\interfaces.ts","statementMap":{"0":{"start":{"line":13,"column":0},"end":{"line":13,"column":null}},"1":{"start":{"line":14,"column":2},"end":{"line":14,"column":null}},"2":{"start":{"line":15,"column":2},"end":{"line":15,"column":null}}},"fnMap":{"0":{"name":"(anonymous_0)","decl":{"start":{"line":13,"column":0},"end":{"line":13,"column":12}},"loc":{"start":{"line":13,"column":25},"end":{"line":16,"column":1}}}},"branchMap":{"0":{"loc":{"start":{"line":13,"column":12},"end":{"line":13,"column":null}},"type":"binary-expr","locations":[{"start":{"line":13,"column":12},"end":{"line":13,"column":25}},{"start":{"line":13,"column":25},"end":{"line":13,"column":null}}]}},"s":{"0":2,"1":2,"2":2},"f":{"0":2},"b":{"0":[2,2]}}
,"C:\\zPersonal\\Programming\\Projects\\Levi9\\src\\app\\registration\\registration.component.ts": {"path":"C:\\zPersonal\\Programming\\Projects\\Levi9\\src\\app\\registration\\registration.component.ts","statementMap":{"0":{"start":{"line":1,"column":0},"end":{"line":1,"column":47}},"1":{"start":{"line":2,"column":0},"end":{"line":2,"column":81}},"2":{"start":{"line":3,"column":0},"end":{"line":3,"column":89}},"3":{"start":{"line":4,"column":0},"end":{"line":4,"column":46}},"4":{"start":{"line":5,"column":0},"end":{"line":5,"column":36}},"5":{"start":{"line":6,"column":0},"end":{"line":6,"column":46}},"6":{"start":{"line":18,"column":23},"end":{"line":18,"column":28}},"7":{"start":{"line":19,"column":16},"end":{"line":19,"column":35}},"8":{"start":{"line":20,"column":18},"end":{"line":20,"column":36}},"9":{"start":{"line":21,"column":26},"end":{"line":21,"column":28}},"10":{"start":{"line":23,"column":22},"end":{"line":23,"column":46}},"11":{"start":{"line":28,"column":4},"end":{"line":33,"column":null}},"12":{"start":{"line":37,"column":20},"end":{"line":37,"column":56}},"13":{"start":{"line":39,"column":4},"end":{"line":41,"column":5}},"14":{"start":{"line":40,"column":6},"end":{"line":40,"column":19}},"15":{"start":{"line":43,"column":4},"end":{"line":43,"column":67}},"16":{"start":{"line":48,"column":4},"end":{"line":48,"column":27}},"17":{"start":{"line":49,"column":4},"end":{"line":52,"column":5}},"18":{"start":{"line":50,"column":6},"end":{"line":50,"column":28}},"19":{"start":{"line":51,"column":6},"end":{"line":51,"column":13}},"20":{"start":{"line":54,"column":4},"end":{"line":54,"column":27}},"21":{"start":{"line":55,"column":24},"end":{"line":64,"column":6}},"22":{"start":{"line":57,"column":8},"end":{"line":57,"column":50}},"23":{"start":{"line":58,"column":8},"end":{"line":58,"column":38}},"24":{"start":{"line":61,"column":8},"end":{"line":61,"column":49}},"25":{"start":{"line":62,"column":8},"end":{"line":62,"column":38}},"26":{"start":{"line":65,"column":4},"end":{"line":65,"column":null}},"27":{"start":{"line":69,"column":4},"end":{"line":69,"column":37}},"28":{"start":{"line":16,"column":13},"end":{"line":16,"column":34}},"29":{"start":{"line":16,"column":13},"end":{"line":71,"column":null}}},"fnMap":{"0":{"name":"(anonymous_0)","decl":{"start":{"line":23,"column":2},"end":{"line":23,"column":22}},"loc":{"start":{"line":23,"column":46},"end":{"line":25,"column":3}}},"1":{"name":"(anonymous_1)","decl":{"start":{"line":27,"column":2},"end":{"line":27,"column":10}},"loc":{"start":{"line":27,"column":10},"end":{"line":34,"column":3}}},"2":{"name":"(anonymous_2)","decl":{"start":{"line":36,"column":2},"end":{"line":36,"column":17}},"loc":{"start":{"line":36,"column":35},"end":{"line":44,"column":3}}},"3":{"name":"(anonymous_3)","decl":{"start":{"line":47,"column":2},"end":{"line":47,"column":12}},"loc":{"start":{"line":47,"column":25},"end":{"line":66,"column":3}}},"4":{"name":"(anonymous_4)","decl":{"start":{"line":56,"column":12},"end":{"line":56,"column":15}},"loc":{"start":{"line":56,"column":17},"end":{"line":59,"column":7}}},"5":{"name":"(anonymous_5)","decl":{"start":{"line":60,"column":13},"end":{"line":60,"column":16}},"loc":{"start":{"line":60,"column":18},"end":{"line":63,"column":7}}},"6":{"name":"(anonymous_6)","decl":{"start":{"line":68,"column":2},"end":{"line":68,"column":13}},"loc":{"start":{"line":68,"column":13},"end":{"line":70,"column":3}}}},"branchMap":{"0":{"loc":{"start":{"line":39,"column":4},"end":{"line":41,"column":5}},"type":"if","locations":[{"start":{"line":39,"column":4},"end":{"line":41,"column":5}}]},"1":{"loc":{"start":{"line":43,"column":11},"end":{"line":43,"column":66}},"type":"cond-expr","locations":[{"start":{"line":43,"column":46},"end":{"line":43,"column":59}},{"start":{"line":43,"column":62},"end":{"line":43,"column":66}}]},"2":{"loc":{"start":{"line":43,"column":11},"end":{"line":43,"column":43}},"type":"binary-expr","locations":[{"start":{"line":43,"column":11},"end":{"line":43,"column":26}},{"start":{"line":43,"column":30},"end":{"line":43,"column":43}}]},"3":{"loc":{"start":{"line":49,"column":4},"end":{"line":52,"column":5}},"type":"if","locations":[{"start":{"line":49,"column":4},"end":{"line":52,"column":5}}]}},"s":{"0":2,"1":2,"2":2,"3":2,"4":2,"5":2,"6":10,"7":10,"8":10,"9":10,"10":10,"11":9,"12":74,"13":74,"14":1,"15":73,"16":3,"17":3,"18":1,"19":1,"20":2,"21":2,"22":1,"23":1,"24":1,"25":1,"26":2,"27":10,"28":2,"29":2},"f":{"0":10,"1":9,"2":74,"3":3,"4":1,"5":1,"6":10},"b":{"0":[1],"1":[1,72],"2":[73,72],"3":[1]}}
}
