TN:
SF:src\app\app.component.ts
FNF:0
FNH:0
DA:1,1
DA:2,1
DA:11,1
LF:3
LH:3
BRF:0
BRH:0
end_of_record
TN:
SF:src\app\core.service.ts
FN:12,(anonymous_0)
FN:15,(anonymous_1)
FNF:2
FNH:2
FNDA:3,(anonymous_0)
FNDA:1,(anonymous_1)
DA:1,3
DA:2,3
DA:5,3
DA:10,3
DA:12,3
DA:16,1
DA:20,1
LF:7
LH:7
BRF:0
BRH:0
end_of_record
TN:
SF:src\app\interfaces.ts
FN:13,(anonymous_0)
FNF:1
FNH:1
FNDA:2,(anonymous_0)
DA:13,2
DA:14,2
DA:15,2
LF:3
LH:3
BRDA:13,0,0,2
BRDA:13,0,1,2
BRF:2
BRH:2
end_of_record
TN:
SF:src\app\registration\registration.component.ts
FN:23,(anonymous_0)
FN:27,(anonymous_1)
FN:37,(anonymous_2)
FN:47,(anonymous_3)
FN:53,(anonymous_4)
FN:61,(anonymous_5)
FN:71,(anonymous_6)
FN:75,(anonymous_7)
FN:83,(anonymous_8)
FNF:9
FNH:9
FNDA:16,(anonymous_0)
FNDA:15,(anonymous_1)
FNDA:124,(anonymous_2)
FNDA:4,(anonymous_3)
FNDA:35,(anonymous_4)
FNDA:3,(anonymous_5)
FNDA:1,(anonymous_6)
FNDA:1,(anonymous_7)
FNDA:17,(anonymous_8)
DA:1,2
DA:2,2
DA:3,2
DA:4,2
DA:5,2
DA:6,2
DA:16,2
DA:18,16
DA:19,16
DA:20,16
DA:21,16
DA:23,16
DA:28,15
DA:38,124
DA:40,124
DA:41,1
DA:44,123
DA:48,4
DA:49,4
DA:50,4
DA:54,35
DA:55,35
DA:56,33
DA:58,2
DA:62,3
DA:63,3
DA:64,1
DA:65,1
DA:68,2
DA:69,2
DA:70,2
DA:72,1
DA:73,1
DA:76,1
DA:77,1
DA:80,2
DA:84,17
LF:37
LH:37
BRDA:40,0,0,1
BRDA:44,1,0,3
BRDA:44,1,1,120
BRDA:44,2,0,123
BRDA:44,2,1,120
BRDA:55,3,0,33
BRDA:55,4,0,35
BRDA:55,4,1,33
BRDA:58,5,0,2
BRDA:58,5,1,2
BRDA:63,6,0,1
BRDA:63,7,0,3
BRDA:63,7,1,2
BRF:13
BRH:13
end_of_record
TN:
SF:src\environments\environment.ts
FNF:0
FNH:0
DA:1,3
LF:1
LH:1
BRF:0
BRH:0
end_of_record
