TN:
SF:src\app\app.component.ts
FNF:0
FNH:0
DA:1,1
DA:2,1
DA:11,1
LF:3
LH:3
BRF:0
BRH:0
end_of_record
TN:
SF:src\app\core.service.ts
FN:11,(anonymous_0)
FN:14,(anonymous_1)
FNF:2
FNH:2
FNDA:3,(anonymous_0)
FNDA:1,(anonymous_1)
DA:1,3
DA:2,3
DA:9,3
DA:11,3
DA:15,1
DA:19,1
LF:6
LH:6
BRF:0
BRH:0
end_of_record
TN:
SF:src\app\registration\registration.component.ts
FN:22,(anonymous_0)
FN:26,(anonymous_1)
FN:35,(anonymous_2)
FN:46,(anonymous_3)
FN:56,(anonymous_4)
FN:60,(anonymous_5)
FN:68,(anonymous_6)
FNF:7
FNH:7
FNDA:10,(anonymous_0)
FNDA:9,(anonymous_1)
FNDA:74,(anonymous_2)
FNDA:3,(anonymous_3)
FNDA:1,(anonymous_4)
FNDA:1,(anonymous_5)
FNDA:10,(anonymous_6)
DA:1,2
DA:2,2
DA:3,2
DA:4,2
DA:5,2
DA:15,2
DA:17,10
DA:18,10
DA:19,10
DA:20,10
DA:22,10
DA:27,9
DA:36,74
DA:38,74
DA:39,1
DA:42,73
DA:47,3
DA:48,3
DA:49,1
DA:50,1
DA:53,2
DA:54,2
DA:55,2
DA:57,1
DA:58,1
DA:61,1
DA:62,1
DA:65,2
DA:69,10
LF:29
LH:29
BRDA:38,0,0,1
BRDA:42,1,0,1
BRDA:42,1,1,72
BRDA:42,2,0,73
BRDA:42,2,1,72
BRDA:48,3,0,1
BRF:6
BRH:6
end_of_record
